C:\USERS\DRAGUITAR\DOCUMENTS\VISUAL STUDIO 2012\PROJECTS\OPENCV_3_LICENSE_PLATE_RECOGNITION_CPP\OPENCV_3_LICENSE_PLATE_RECOGNITION_CPP\DEBUG\DETECTCHARS.OBJ
C:\USERS\DRAGUITAR\DOCUMENTS\VISUAL STUDIO 2012\PROJECTS\OPENCV_3_LICENSE_PLATE_RECOGNITION_CPP\OPENCV_3_LICENSE_PLATE_RECOGNITION_CPP\DEBUG\DETECTPLATES.OBJ
C:\USERS\DRAGUITAR\DOCUMENTS\VISUAL STUDIO 2012\PROJECTS\OPENCV_3_LICENSE_PLATE_RECOGNITION_CPP\OPENCV_3_LICENSE_PLATE_RECOGNITION_CPP\DEBUG\MAIN.OBJ
C:\USERS\DRAGUITAR\DOCUMENTS\VISUAL STUDIO 2012\PROJECTS\OPENCV_3_LICENSE_PLATE_RECOGNITION_CPP\OPENCV_3_LICENSE_PLATE_RECOGNITION_CPP\DEBUG\POSSIBLECHAR.OBJ
C:\USERS\DRAGUITAR\DOCUMENTS\VISUAL STUDIO 2012\PROJECTS\OPENCV_3_LICENSE_PLATE_RECOGNITION_CPP\OPENCV_3_LICENSE_PLATE_RECOGNITION_CPP\DEBUG\POSSIBLEPLATE.OBJ
C:\USERS\DRAGUITAR\DOCUMENTS\VISUAL STUDIO 2012\PROJECTS\OPENCV_3_LICENSE_PLATE_RECOGNITION_CPP\OPENCV_3_LICENSE_PLATE_RECOGNITION_CPP\DEBUG\PREPROCESS.OBJ
C:\USERS\DRAGUITAR\DOCUMENTS\VISUAL STUDIO 2012\PROJECTS\OPENCV_3_LICENSE_PLATE_RECOGNITION_CPP\OPENCV_3_LICENSE_PLATE_RECOGNITION_CPP\DEBUG\VC110.PDB
C:\USERS\DRAGUITAR\DOCUMENTS\VISUAL STUDIO 2012\PROJECTS\OPENCV_3_LICENSE_PLATE_RECOGNITION_CPP\DEBUG\DIP10577605.ILK
C:\USERS\DRAGUITAR\DOCUMENTS\VISUAL STUDIO 2012\PROJECTS\OPENCV_3_LICENSE_PLATE_RECOGNITION_CPP\DEBUG\DIP10577605.EXE
C:\USERS\DRAGUITAR\DOCUMENTS\VISUAL STUDIO 2012\PROJECTS\OPENCV_3_LICENSE_PLATE_RECOGNITION_CPP\DEBUG\DIP10577605.PDB
C:\Users\draguitar\documents\visual studio 2012\Projects\OpenCV_3_License_Plate_Recognition_Cpp\OpenCV_3_License_Plate_Recognition_Cpp\Debug\DetectChars.obj
C:\Users\draguitar\documents\visual studio 2012\Projects\OpenCV_3_License_Plate_Recognition_Cpp\OpenCV_3_License_Plate_Recognition_Cpp\Debug\DetectPlates.obj
C:\Users\draguitar\documents\visual studio 2012\Projects\OpenCV_3_License_Plate_Recognition_Cpp\OpenCV_3_License_Plate_Recognition_Cpp\Debug\Main.obj
C:\Users\draguitar\documents\visual studio 2012\Projects\OpenCV_3_License_Plate_Recognition_Cpp\OpenCV_3_License_Plate_Recognition_Cpp\Debug\PossibleChar.obj
C:\Users\draguitar\documents\visual studio 2012\Projects\OpenCV_3_License_Plate_Recognition_Cpp\OpenCV_3_License_Plate_Recognition_Cpp\Debug\PossiblePlate.obj
C:\Users\draguitar\documents\visual studio 2012\Projects\OpenCV_3_License_Plate_Recognition_Cpp\OpenCV_3_License_Plate_Recognition_Cpp\Debug\Preprocess.obj
C:\Users\draguitar\documents\visual studio 2012\Projects\OpenCV_3_License_Plate_Recognition_Cpp\OpenCV_3_License_Plate_Recognition_Cpp\Debug\cl.command.1.tlog
C:\Users\draguitar\documents\visual studio 2012\Projects\OpenCV_3_License_Plate_Recognition_Cpp\OpenCV_3_License_Plate_Recognition_Cpp\Debug\CL.read.1.tlog
C:\Users\draguitar\documents\visual studio 2012\Projects\OpenCV_3_License_Plate_Recognition_Cpp\OpenCV_3_License_Plate_Recognition_Cpp\Debug\CL.write.1.tlog
C:\Users\draguitar\documents\visual studio 2012\Projects\OpenCV_3_License_Plate_Recognition_Cpp\OpenCV_3_License_Plate_Recognition_Cpp\Debug\link-cvtres.read.1.tlog
C:\Users\draguitar\documents\visual studio 2012\Projects\OpenCV_3_License_Plate_Recognition_Cpp\OpenCV_3_License_Plate_Recognition_Cpp\Debug\link-cvtres.write.1.tlog
C:\Users\draguitar\documents\visual studio 2012\Projects\OpenCV_3_License_Plate_Recognition_Cpp\OpenCV_3_License_Plate_Recognition_Cpp\Debug\link-rc.read.1.tlog
C:\Users\draguitar\documents\visual studio 2012\Projects\OpenCV_3_License_Plate_Recognition_Cpp\OpenCV_3_License_Plate_Recognition_Cpp\Debug\link-rc.write.1.tlog
C:\Users\draguitar\documents\visual studio 2012\Projects\OpenCV_3_License_Plate_Recognition_Cpp\OpenCV_3_License_Plate_Recognition_Cpp\Debug\link.command.1.tlog
C:\Users\draguitar\documents\visual studio 2012\Projects\OpenCV_3_License_Plate_Recognition_Cpp\OpenCV_3_License_Plate_Recognition_Cpp\Debug\link.read.1.tlog
C:\Users\draguitar\documents\visual studio 2012\Projects\OpenCV_3_License_Plate_Recognition_Cpp\OpenCV_3_License_Plate_Recognition_Cpp\Debug\link.write.1.tlog
C:\Users\draguitar\documents\visual studio 2012\Projects\OpenCV_3_License_Plate_Recognition_Cpp\OpenCV_3_License_Plate_Recognition_Cpp\Debug\vc110.idb
C:\Users\draguitar\documents\visual studio 2012\Projects\OpenCV_3_License_Plate_Recognition_Cpp\OpenCV_3_License_Plate_Recognition_Cpp\Debug\vc110.pdb
C:\Users\draguitar\documents\visual studio 2012\Projects\OpenCV_3_License_Plate_Recognition_Cpp\Debug\DIP10577605.pdb
C:\Users\draguitar\documents\visual studio 2012\Projects\OpenCV_3_License_Plate_Recognition_Cpp\Debug\DIP10577605.exe
C:\Users\draguitar\documents\visual studio 2012\Projects\OpenCV_3_License_Plate_Recognition_Cpp\Debug\DIP10577605.ilk
